"../../../../../Unreal/GameJam/Content/2DSideScrollerCPP/Blueprints/Tresor/chest.uasset" 0
"../../../../../Unreal/GameJam/Content/2DSideScrollerCPP/Character/Adventure/Adventurer_Sprite_Sheet_v1_1.uasset" 1
"../../../../../Unreal/GameJam/Content/2DSideScrollerCPP/Character/mage/DashDown.uasset" 2
"../../../../../Unreal/GameJam/Content/2DSideScrollerCPP/Character/mage/DashUp.uasset" 3
"../../../../../Unreal/GameJam/Content/2DSideScrollerCPP/Inventory/EMPTY.uasset" 4
"../../../../../Unreal/GameJam/Content/2DSideScrollerCPP/Sound/Slash/mixkit-metal-hit-woosh-1485.uasset" 5
"../../../../../Unreal/GameJam/Content/2DSideScrollerCPP/Sound/Slash/mixkit-swift-sword-strike-2166.uasset" 6
"../../../../../Unreal/GameJam/Content/2DSideScrollerCPP/Sound/Slash/mixkit-sword-blade-swish-1506.uasset" 7
"../../../../../Unreal/GameJam/Content/2DSideScrollerCPP/Sound/Slash/mixkit-sword-hits-heavy-metal-2797.uasset" 8
"../../../../../Unreal/GameJam/Content/2DSideScrollerCPP/Textures/perso/garde.uasset" 9
"../../../../../Unreal/GameJam/Content/2DSideScrollerCPP/Textures/perso/garde2.uasset" 10
"../../../../../Unreal/GameJam/Content/2DSideScrollerCPP/Textures/Platformer/tileB_dungeon2.uasset" 11
"../../../../../Unreal/GameJam/Content/2DSideScrollerCPP/Textures/Platformer/fruits/Apple.uasset" 12
"../../../../../Unreal/GameJam/Content/2DSideScrollerCPP/Textures/Platformer/fruits/Cherries.uasset" 13
"../../../../../Unreal/GameJam/Content/2DSideScrollerCPP/Textures/Platformer/fruits/epic.uasset" 14
"../../../../../Unreal/GameJam/Content/2DSideScrollerCPP/Textures/Platformer/fruits/hyperPotion.uasset" 15
"../../../../../Unreal/GameJam/Content/2DSideScrollerCPP/Textures/Platformer/fruits/Melon.uasset" 16
"../../../../../Unreal/GameJam/Content/2DSideScrollerCPP/Textures/Platformer/fruits/Orange.uasset" 17
"../../../../../Unreal/GameJam/Content/2DSideScrollerCPP/Textures/Platformer/fruits/potion.uasset" 18
"../../../../../Unreal/GameJam/Content/2DSideScrollerCPP/Textures/Platformer/fruits/shield.uasset" 19
"../../../../../Unreal/GameJam/Content/2DSideScrollerCPP/Textures/Platformer/fruits/sword.uasset" 20
"../../../../../Unreal/GameJam/Content/2DSideScrollerCPP/Textures/shop/keys.uasset" 21
"../../../../../Unreal/GameJam/Content/2DSideScrollerCPP/widget/HealthSystem/coeur.uasset" 22
"../../../Engine/Content/Animation/DefaultAnimCurveCompressionSettings.uasset" 23
"../../../Engine/Content/Functions/Engine_MaterialFunctions01/Opacity/CameraDepthFade.uasset" 24
"../../../Engine/Content/EngineMaterials/T_Default_Material_Grid_M.uasset" 25
"../../../Engine/Content/EngineMaterials/T_Default_Material_Grid_N.uasset" 26
"../../../Engine/Content/EngineMaterials/WorldGridMaterial.uasset" 27
"../../../Engine/Content/ArtTools/RenderToTexture/Meshes/S_1_Unit_Plane.uasset" 28
"../../../Engine/Content/EngineMaterials/DefaultMaterial.uasset" 29
"../../../Engine/Content/BasicShapes/Cone.uasset" 30
"../../../Engine/Content/BasicShapes/Cube.uasset" 31
"../../../Engine/Content/BasicShapes/Cylinder.uasset" 32
"../../../Engine/Content/BasicShapes/Plane.uasset" 33
"../../../Engine/Content/BasicShapes/Sphere.uasset" 34
"../../../Engine/Content/EditorLandscapeResources/DataLayer.uasset" 35
"../../../Engine/Content/EditorMaterials/MAT_Groups_Toggle.uasset" 36
"../../../Engine/Content/EditorMaterials/MAT_Groups_Visibility.uasset" 37
"../../../Engine/Content/EditorMaterials/PreviewShadowIndicator.uasset" 38
"../../../Engine/Content/EditorMaterials/PreviewShadowIndicatorMaterial.uasset" 39
"../../../Engine/Content/EditorMaterials/MatineeGroups/MAT_ColorTrack.uasset" 40
"../../../Engine/Content/EditorMaterials/MatineeGroups/MAT_Groups_Anim.uasset" 41
"../../../Engine/Content/EditorMaterials/MatineeGroups/MAT_Groups_AudioMaster.uasset" 42
"../../../Engine/Content/EditorMaterials/MatineeGroups/MAT_Groups_Director.uasset" 43
"../../../Engine/Content/EditorMaterials/MatineeGroups/MAT_Groups_Event.uasset" 44
"../../../Engine/Content/EditorMaterials/MatineeGroups/MAT_Groups_Fade.uasset" 45
"../../../Engine/Content/EditorMaterials/MatineeGroups/MAT_Groups_Float.uasset" 46
"../../../Engine/Content/EditorMaterials/MatineeGroups/MAT_Groups_Move.uasset" 47
"../../../Engine/Content/EditorMaterials/MatineeGroups/MAT_Groups_Slomo.uasset" 48
"../../../Engine/Content/EditorMaterials/MatineeGroups/MAT_Groups_Sound.uasset" 49
"../../../Engine/Content/EditorMaterials/MatineeGroups/MAT_Groups_Vector.uasset" 50
"../../../Engine/Content/EditorMaterials/ParticleSystems/PSysThumbnail_NoImage.uasset" 51
"../../../Engine/Content/EditorMaterials/ParticleSystems/PSysThumbnail_OOD.uasset" 52
"../../../Engine/Content/EditorMaterials/Camera/CineMat.uasset" 53
"../../../Engine/Content/EditorMaterials/Camera/MI_CineMat_Rig.uasset" 54
"../../../Engine/Content/EditorMeshes/Camera/SM_CraneRig_Arm.uasset" 55
"../../../Engine/Content/EditorMeshes/Camera/SM_CraneRig_Base.uasset" 56
"../../../Engine/Content/EditorMeshes/Camera/SM_CraneRig_Body.uasset" 57
"../../../Engine/Content/EditorMeshes/Camera/SM_CraneRig_Mount.uasset" 58
"../../../Engine/Content/EditorMeshes/Camera/SM_RailRig_Mount.uasset" 59
"../../../Engine/Content/EditorMeshes/Camera/SM_RailRig_Track.uasset" 60
"../../../Engine/Content/EditorResources/BSPVertex.uasset" 61
"../../../Engine/Content/EditorResources/EmptyActor.uasset" 62
"../../../Engine/Content/EditorResources/S_Actor.uasset" 63
"../../../Engine/Content/EditorResources/S_Note.uasset" 64
"../../../Engine/Content/EditorResources/S_Solver.uasset" 65
"../../../Engine/Content/EditorResources/S_Trigger.uasset" 66
"../../../Engine/Content/EditorResources/SequenceRecorder/Countdown.uasset" 67
"../../../Engine/Content/EditorResources/SequenceRecorder/RecordingIndicator.uasset" 68
"../../../Engine/Content/EditorSounds/Notifications/CompileFailed.uasset" 69
"../../../Engine/Content/EditorSounds/Notifications/CompileFailed_Cue.uasset" 70
"../../../Engine/Content/EditorSounds/Notifications/CompileSuccess.uasset" 71
"../../../Engine/Content/EditorSounds/Notifications/CompileStart_Cue.uasset" 72
"../../../Engine/Content/EditorSounds/Notifications/CompileSuccess_Cue.uasset" 73
"../../../Engine/Content/EngineDamageTypes/DmgTypeBP_Environmental.uasset" 74
"../../../Engine/Content/EngineDebugMaterials/DebugEditorMaterial.uasset" 75
"../../../Engine/Content/EngineDebugMaterials/DebugMeshMaterial.uasset" 76
"../../../Engine/Content/EngineDebugMaterials/M_SimpleUnlitTranslucent.uasset" 77
"../../../Engine/Content/Functions/Engine_MaterialFunctions02/Utility/CameraDirectionVector.uasset" 78
"../../../Engine/Content/EngineDebugMaterials/VolumeToRender.uasset" 79
"../../../Engine/Content/EngineDebugMaterials/M_VolumeRenderSphereTracePP.uasset" 80
"../../../Engine/Content/EngineDebugMaterials/WireframeMaterial.uasset" 81
"../../../Engine/Content/EngineFonts/Faces/DroidSansFallback.uasset" 82
"../../../Engine/Content/EngineFonts/Faces/RobotoBold.uasset" 83
"../../../Engine/Content/EngineFonts/Faces/RobotoBoldItalic.uasset" 84
"../../../Engine/Content/EngineFonts/Faces/RobotoItalic.uasset" 85
"../../../Engine/Content/EngineFonts/Faces/RobotoLight.uasset" 86
"../../../Engine/Content/EngineFonts/Faces/RobotoRegular.uasset" 87
"../../../Engine/Content/EngineFonts/Roboto.uasset" 88
"../../../Engine/Content/EngineMaterials/BaseFlattenDiffuseMap.uasset" 89
"../../../Engine/Content/EngineMaterials/BaseFlattenEmissiveMap.uasset" 90
"../../../Engine/Content/EngineMaterials/BaseFlattenGrayscaleMap.uasset" 91
"../../../Engine/Content/EngineMaterials/BaseFlattenNormalMap.uasset" 92
"../../../Engine/Content/EngineMaterials/BaseFlattenMaterial.uasset" 93
"../../../Engine/Content/EngineMaterials/BlueNoise.uasset" 94
"../../../Engine/Content/EngineMaterials/DefaultBloomKernel.uasset" 95
"../../../Engine/Content/EngineMaterials/DefaultBokeh.uasset" 96
"../../../Engine/Content/EngineMaterials/DefaultDiffuse.uasset" 97
"../../../Engine/Content/EngineMaterials/DefaultDeferredDecalMaterial.uasset" 98
"../../../Engine/Content/EngineMaterials/DefaultLightFunctionMaterial.uasset" 99
"../../../Engine/Content/EngineMaterials/DefaultPhysicalMaterial.uasset" 100
"../../../Engine/Content/Functions/Engine_MaterialFunctions02/Utility/BreakOutFloat2Components.uasset" 101
"../../../Engine/Content/EngineMaterials/DefaultPostProcessMaterial.uasset" 102
"../../../Engine/Content/EngineFonts/RobotoDistanceField.uasset" 103
"../../../Engine/Content/EngineMaterials/DefaultTextMaterialOpaque.uasset" 104
"../../../Engine/Content/EngineMaterials/DefaultWhiteGrid.uasset" 105
"../../../Engine/Content/EngineMaterials/DefaultWhiteGrid_Low.uasset" 106
"../../../Engine/Content/EngineMaterials/EmissiveMeshMaterial.uasset" 107
"../../../Engine/Content/EngineMaterials/GizmoMaterial.uasset" 108
"../../../Engine/Content/EngineMaterials/Good64x64TilingNoiseHighFreq.uasset" 109
"../../../Engine/Content/EngineMaterials/MiniFont.uasset" 110
"../../../Engine/Content/EngineMaterials/InvalidLightmapSettings.uasset" 111
"../../../Engine/Content/EngineMaterials/M_InvalidLightmapSettings.uasset" 112
"../../../Engine/Content/Functions/Engine_MaterialFunctions02/WorldPositionOffset/CameraOffset.uasset" 113
"../../../Engine/Content/EngineMaterials/PhAT_JointLimitMaterial.uasset" 114
"../../../Engine/Content/EngineMaterials/PreintegratedSkinBRDF.uasset" 115
"../../../Engine/Content/EngineMaterials/RemoveSurfaceMaterial.uasset" 116
"../../../Engine/Content/EngineMaterials/WeightMapPlaceholderTexture.uasset" 117
"../../../Engine/Content/EngineResources/WhiteSquareTexture.uasset" 118
"../../../Engine/Content/EngineMaterials/Widget3DPassThrough.uasset" 119
"../../../Engine/Content/EngineMaterials/Widget3DPassThrough_Masked.uasset" 120
"../../../Engine/Content/EngineMaterials/Widget3DPassThrough_Opaque.uasset" 121
"../../../Engine/Content/EngineMaterials/Widget3DPassThrough_Masked_OneSided.uasset" 122
"../../../Engine/Content/EngineMaterials/Widget3DPassThrough_Opaque_OneSided.uasset" 123
"../../../Engine/Content/EngineMaterials/Widget3DPassThrough_Translucent.uasset" 124
"../../../Engine/Content/EngineMaterials/Widget3DPassThrough_Translucent_OneSided.uasset" 125
"../../../Engine/Content/EngineMeshes/Cylinder.uasset" 126
"../../../Engine/Content/EngineMeshes/Sphere.uasset" 127
"../../../Engine/Content/EngineResources/Black.uasset" 128
"../../../Engine/Content/EngineResources/DefaultTexture.uasset" 129
"../../../Engine/Content/EngineResources/DefaultTextureCube.uasset" 130
"../../../Engine/Content/EngineResources/DefaultVolumeTexture2D.uasset" 131
"../../../Engine/Content/EngineResources/DefaultVolumeTexture.uasset" 132
"../../../Engine/Content/EngineResources/GradientTexture0.uasset" 133
"../../../Engine/Content/EngineSounds/Master.uasset" 134
"../../../Engine/Content/Functions/Engine_MaterialFunctions01/Shading/ConvertFromDiffSpec.uasset" 135
"../../../Engine/Content/Functions/Engine_MaterialFunctions01/Shading/PowerToRoughness.uasset" 136
"../../../Engine/Content/Maps/Templates/Thumbnails/Default.uasset" 137
"../../../Engine/Content/Maps/Templates/Thumbnails/TimeOfDay.uasset" 138
"../../../Engine/Content/Maps/Templates/Thumbnails/VR-Basic.uasset" 139
"../../../Engine/Content/MobileResources/T_MobileControls_texture.uasset" 140
"../../../Engine/Content/MobileResources/T_MobileMenu2.uasset" 141
"../../../Engine/Content/MobileResources/HUD/AnalogHat.uasset" 142
"../../../Engine/Content/MobileResources/HUD/VirtualJoystick_Background.uasset" 143
"../../../Engine/Content/MobileResources/HUD/VirtualJoystick_Thumb.uasset" 144
"../../../Engine/Content/MobileResources/HUD/DefaultVirtualJoysticks.uasset" 145
"../../../Engine/Content/MobileResources/HUD/LeftVirtualJoystickOnly.uasset" 146
"../../../Engine/Content/MobileResources/HUD/MobileHUDButton1_off.uasset" 147
"../../../Engine/Content/MobileResources/HUD/MobileHUDButton1_on.uasset" 148
"../../../Engine/Content/MobileResources/HUD/MobileHUDButton2_off.uasset" 149
"../../../Engine/Content/MobileResources/HUD/MobileHUDButton2_on.uasset" 150
"../../../Engine/Content/MobileResources/HUD/MobileHUDButton3.uasset" 151
"../../../Engine/Content/MobileResources/HUD/MobileHUDButtonFire.uasset" 152
"../../../Engine/Content/MobileResources/HUD/MobileHUDDirectionPad.uasset" 153
"../../../Engine/Content/MobileResources/HUD/MobileHUDDirectionPad2.uasset" 154
"../../../Engine/Content/MobileResources/HUD/MobileHUDDirectionPad3.uasset" 155
"../../../Engine/Content/MobileResources/HUD/MobileHUDDirectionStick.uasset" 156
"../../../Engine/Content/MobileResources/HUD/T_Castle_ThumbstickInner.uasset" 157
"../../../Engine/Content/MobileResources/HUD/T_Castle_ThumbstickOutter.uasset" 158
"../../../Engine/Content/Tutorial/ContentIntroCurve.uasset" 159
"../../../Engine/Content/Tutorial/Basics/LevelEditorAttract.uasset" 160
"../../../Engine/Content/Tutorial/Basics/TutorialAssets/icon_tab_Levels_40x.uasset" 161
"../../../Engine/Content/Tutorial/Basics/LevelEditorOverview.uasset" 162
"../../../Engine/Content/Tutorial/SubEditors/MaterialEditorTutorial.uasset" 163
"../../../Engine/Content/Tutorial/SubEditors/TutorialAssets/TutorialMaterial.uasset" 164
"../../../Engine/Content/VREditor/LaserPointer/VR_LaserPower_01.uasset" 165
"../../../Engine/Content/VREditor/TransformGizmo/TransformGizmoMaterial.uasset" 166
"../../../Engine/Content/VREditor/TransformGizmo/TranslucentTransformGizmoMaterial.uasset" 167
"../../../Engine/Content/VREditor/TransformGizmo/BoundingBoxCorner.uasset" 168
"../../../Engine/Content/VREditor/TransformGizmo/BoundingBoxEdge.uasset" 169
"../../../Engine/Content/VREditor/TransformGizmo/PlaneTranslationHandle.uasset" 170
"../../../Engine/Content/VREditor/TransformGizmo/Main.uasset" 171
"../../../Engine/Content/VREditor/TransformGizmo/Xray.uasset" 172
"../../../Engine/Content/VREditor/TransformGizmo/SM_Sequencer_Key.uasset" 173
"../../../Engine/Content/VREditor/TransformGizmo/SM_Sequencer_Node.uasset" 174
"../../Plugins/2D/Paper2D/Content/PlaceholderTextures/DummySpriteTexture.uasset" 175
"../../Plugins/2D/Paper2D/Content/DummySprite.uasset" 176
"../../Plugins/2D/Paper2D/Content/DefaultPaperTerrainMaterial.uasset" 177
"../../Plugins/2D/Paper2D/Content/DefaultSpriteMaterial.uasset" 178
"../../Plugins/2D/Paper2D/Content/MaskedUnlitSpriteMaterial.uasset" 179
"../../Plugins/2D/Paper2D/Content/OpaqueUnlitSpriteMaterial.uasset" 180
"../../Plugins/FX/Niagara/Content/Enums/ENiagaraBooleanLogicOps.uasset" 181
"../../Plugins/FX/Niagara/Content/Enums/ENiagaraCoordinateSpace.uasset" 182
"../../Plugins/FX/Niagara/Content/Enums/ENiagaraExpansionMode.uasset" 183
"../../Plugins/FX/Niagara/Content/Enums/ENiagaraOrientationAxis.uasset" 184
"../../Plugins/FX/Niagara/Content/Enums/ENiagaraRandomnessMode.uasset" 185
"../../../Engine/Content/Functions/Engine_MaterialFunctions02/Utility/BreakOutFloat4Components.uasset" 186
"../../../Engine/Content/Functions/Engine_MaterialFunctions02/Utility/MakeFloat2.uasset" 187
"../../../Engine/Content/Functions/Engine_MaterialFunctions02/Utility/MakeFloat3.uasset" 188
"../../Plugins/Runtime/Oculus/OculusVR/Content/Materials/OculusMR_ChromaKey.uasset" 189
"../../Plugins/Runtime/Oculus/OculusVR/Content/Materials/OculusMR_ChromaKey_Lit.uasset" 190
"../../Plugins/Runtime/Oculus/OculusVR/Content/Materials/OculusMR_OpaqueColoredMaterial.uasset" 191
"../../Plugins/Runtime/Oculus/OculusVR/Content/Materials/OculusMR_WhiteMaterial.uasset" 192
"../../../Engine/Content/EditorBlueprintResources/StandardMacros.uasset" 193
"../../../../../Unreal/GameJam/Content/2DSideScrollerCPP/Character/mage/mage.uasset" 194
"../../../../../Unreal/GameJam/Content/2DSideScrollerCPP/Character/mage/mage_Down_0.uasset" 195
"../../../../../Unreal/GameJam/Content/2DSideScrollerCPP/Character/mage/mage_Down_2.uasset" 196
"../../../../../Unreal/GameJam/Content/2DSideScrollerCPP/Character/mage/flipbook/IdleDown.uasset" 197
"../../../../../Unreal/GameJam/Content/2DSideScrollerCPP/Character/mage/mage_Left_10.uasset" 198
"../../../../../Unreal/GameJam/Content/2DSideScrollerCPP/Character/mage/mage_Left_14.uasset" 199
"../../../../../Unreal/GameJam/Content/2DSideScrollerCPP/Character/mage/flipbook/IdleLeft.uasset" 200
"../../../../../Unreal/GameJam/Content/2DSideScrollerCPP/Character/mage/mage_right_11.uasset" 201
"../../../../../Unreal/GameJam/Content/2DSideScrollerCPP/Character/mage/mage_right_9.uasset" 202
"../../../../../Unreal/GameJam/Content/2DSideScrollerCPP/Character/mage/flipbook/IdleRight.uasset" 203
"../../../../../Unreal/GameJam/Content/2DSideScrollerCPP/Character/mage/mage_Up_4.uasset" 204
"../../../../../Unreal/GameJam/Content/2DSideScrollerCPP/Character/mage/mage_Up_6.uasset" 205
"../../../../../Unreal/GameJam/Content/2DSideScrollerCPP/Character/mage/flipbook/IdleUp.uasset" 206
"../../../../../Unreal/GameJam/Content/2DSideScrollerCPP/Character/mage/mage_Down_1.uasset" 207
"../../../../../Unreal/GameJam/Content/2DSideScrollerCPP/Character/mage/mage_Down_3.uasset" 208
"../../../../../Unreal/GameJam/Content/2DSideScrollerCPP/Character/mage/flipbook/runDown.uasset" 209
"../../../../../Unreal/GameJam/Content/2DSideScrollerCPP/Character/mage/mage_Left_11.uasset" 210
"../../../../../Unreal/GameJam/Content/2DSideScrollerCPP/Character/mage/mage_Left_15.uasset" 211
"../../../../../Unreal/GameJam/Content/2DSideScrollerCPP/Character/mage/flipbook/runLeft.uasset" 212
"../../../../../Unreal/GameJam/Content/2DSideScrollerCPP/Character/mage/mage_right_10.uasset" 213
"../../../../../Unreal/GameJam/Content/2DSideScrollerCPP/Character/mage/mage_right_8.uasset" 214
"../../../../../Unreal/GameJam/Content/2DSideScrollerCPP/Character/mage/flipbook/runRight.uasset" 215
"../../../../../Unreal/GameJam/Content/2DSideScrollerCPP/Character/mage/mage_Up_5.uasset" 216
"../../../../../Unreal/GameJam/Content/2DSideScrollerCPP/Character/mage/mage_Up_7.uasset" 217
"../../../../../Unreal/GameJam/Content/2DSideScrollerCPP/Character/mage/flipbook/runUp.uasset" 218
"../../../../../Unreal/GameJam/Content/2DSideScrollerCPP/Blueprints/BP_2DSideScrollerCharacter.uasset" 219
"../../../../../Unreal/GameJam/Content/2DSideScrollerCPP/Library/GetTheHUD.uasset" 220
"../../../../../Unreal/GameJam/Content/2DSideScrollerCPP/Sound/SlashAudio.uasset" 221
"../../../../../Unreal/GameJam/Content/2DSideScrollerCPP/Textures/perso/garde2_Sprite.uasset" 222
"../../../../../Unreal/GameJam/Content/2DSideScrollerCPP/Textures/perso/garde_Sprite.uasset" 223
"../../../../../Unreal/GameJam/Content/2DSideScrollerCPP/Blueprints/SpawnPoint/BP_Ennemy.uasset" 224
"../../../../../Unreal/GameJam/Content/2DSideScrollerCPP/Library/BP_Collect.uasset" 225
"../../../../../Unreal/GameJam/Content/2DSideScrollerCPP/Library/BP_Interface.uasset" 226
"../../../../../Unreal/GameJam/Content/2DSideScrollerCPP/PlayerController/MyPlayerController.uasset" 227
"../../../../../Unreal/GameJam/Content/2DSideScrollerCPP/Library/GetThePLayerCont.uasset" 228
"../../../../../Unreal/GameJam/Content/2DSideScrollerCPP/Blueprints/C_Distance.uasset" 229
"../../../../../Unreal/GameJam/Content/2DSideScrollerCPP/Capacity/S_Capacity.uasset" 230
"../../../../../Unreal/GameJam/Content/2DSideScrollerCPP/Character/ELEVEN/Warrior_SheetnoEffect.uasset" 231
"../../../../../Unreal/GameJam/Content/2DSideScrollerCPP/Character/ELEVEN/Right/Warrior_SheetnoEffect_Sprite_125.uasset" 232
"../../../../../Unreal/GameJam/Content/2DSideScrollerCPP/Character/ELEVEN/Right/Warrior_SheetnoEffect_Sprite_134.uasset" 233
"../../../../../Unreal/GameJam/Content/2DSideScrollerCPP/Character/ELEVEN/Right/Warrior_SheetnoEffect_Sprite_35.uasset" 234
"../../../../../Unreal/GameJam/Content/2DSideScrollerCPP/Capacity/DT_Capacity.uasset" 235
"../../../../../Unreal/GameJam/Content/2DSideScrollerCPP/Inventory/EMPTY_Sprite.uasset" 236
"../../../../../Unreal/GameJam/Content/2DSideScrollerCPP/Inventory/ItemType.uasset" 237
"../../../../../Unreal/GameJam/Content/2DSideScrollerCPP/Inventory/S_Emplacement.uasset" 238
"../../../../../Unreal/GameJam/Content/2DSideScrollerCPP/Inventory/S_GameItems.uasset" 239
"../../../../../Unreal/GameJam/Content/2DSideScrollerCPP/Textures/Platformer/fruits/epic_Sprite.uasset" 240
"../../Plugins/2D/Paper2D/Content/TranslucentUnlitSpriteMaterial.uasset" 241
"../../../../../Unreal/GameJam/Content/2DSideScrollerCPP/Textures/Platformer/fruits/hyperPotion_Sprite.uasset" 242
"../../../../../Unreal/GameJam/Content/2DSideScrollerCPP/Textures/Platformer/fruits/potion_Sprite.uasset" 243
"../../../../../Unreal/GameJam/Content/2DSideScrollerCPP/Textures/Platformer/fruits/shield_Sprite.uasset" 244
"../../../../../Unreal/GameJam/Content/2DSideScrollerCPP/Textures/Platformer/fruits/sword_Sprite.uasset" 245
"../../../../../Unreal/GameJam/Content/2DSideScrollerCPP/Inventory/DT_Game.uasset" 246
"../../../../../Unreal/GameJam/Content/2DSideScrollerCPP/Inventory/Jewelry/S_GemsData.uasset" 247
"../../../../../Unreal/GameJam/Content/2DSideScrollerCPP/Textures/gems/GEMS.uasset" 248
"../../../../../Unreal/GameJam/Content/2DSideScrollerCPP/Textures/gems/GEMS_Sprite_0.uasset" 249
"../../../../../Unreal/GameJam/Content/2DSideScrollerCPP/Textures/gems/GEMS_Sprite_1.uasset" 250
"../../../../../Unreal/GameJam/Content/2DSideScrollerCPP/Textures/gems/GEMS_Sprite_10.uasset" 251
"../../../../../Unreal/GameJam/Content/2DSideScrollerCPP/Textures/gems/GEMS_Sprite_11.uasset" 252
"../../../../../Unreal/GameJam/Content/2DSideScrollerCPP/Textures/gems/GEMS_Sprite_12.uasset" 253
"../../../../../Unreal/GameJam/Content/2DSideScrollerCPP/Textures/gems/GEMS_Sprite_13.uasset" 254
"../../../../../Unreal/GameJam/Content/2DSideScrollerCPP/Textures/gems/GEMS_Sprite_14.uasset" 255
"../../../../../Unreal/GameJam/Content/2DSideScrollerCPP/Textures/gems/GEMS_Sprite_15.uasset" 256
"../../../../../Unreal/GameJam/Content/2DSideScrollerCPP/Textures/gems/GEMS_Sprite_16.uasset" 257
"../../../../../Unreal/GameJam/Content/2DSideScrollerCPP/Textures/gems/GEMS_Sprite_17.uasset" 258
"../../../../../Unreal/GameJam/Content/2DSideScrollerCPP/Textures/gems/GEMS_Sprite_2.uasset" 259
"../../../../../Unreal/GameJam/Content/2DSideScrollerCPP/Textures/gems/GEMS_Sprite_3.uasset" 260
"../../../../../Unreal/GameJam/Content/2DSideScrollerCPP/Textures/gems/GEMS_Sprite_4.uasset" 261
"../../../../../Unreal/GameJam/Content/2DSideScrollerCPP/Textures/gems/GEMS_Sprite_5.uasset" 262
"../../../../../Unreal/GameJam/Content/2DSideScrollerCPP/Textures/gems/GEMS_Sprite_6.uasset" 263
"../../../../../Unreal/GameJam/Content/2DSideScrollerCPP/Textures/gems/GEMS_Sprite_7.uasset" 264
"../../../../../Unreal/GameJam/Content/2DSideScrollerCPP/Textures/gems/GEMS_Sprite_8.uasset" 265
"../../../../../Unreal/GameJam/Content/2DSideScrollerCPP/Textures/gems/GEMS_Sprite_9.uasset" 266
"../../../../../Unreal/GameJam/Content/2DSideScrollerCPP/Inventory/DT_GemsBase.uasset" 267
"../../../../../Unreal/GameJam/Content/2DSideScrollerCPP/Inventory/S_Item.uasset" 268
"../../../../../Unreal/GameJam/Content/2DSideScrollerCPP/Textures/Platformer/fruits/Apple_Sprite.uasset" 269
"../../../../../Unreal/GameJam/Content/2DSideScrollerCPP/Textures/Platformer/fruits/Cherries_Sprite.uasset" 270
"../../../../../Unreal/GameJam/Content/2DSideScrollerCPP/Textures/Platformer/fruits/Kiwi.uasset" 271
"../../../../../Unreal/GameJam/Content/2DSideScrollerCPP/Textures/Platformer/fruits/Kiwi_Sprite.uasset" 272
"../../../../../Unreal/GameJam/Content/2DSideScrollerCPP/Textures/Platformer/fruits/Melon_Sprite.uasset" 273
"../../../../../Unreal/GameJam/Content/2DSideScrollerCPP/Textures/Platformer/fruits/Orange_Sprite.uasset" 274
"../../../../../Unreal/GameJam/Content/2DSideScrollerCPP/Inventory/DT_ItemDatabase.uasset" 275
"../../../../../Unreal/GameJam/Content/2DSideScrollerCPP/Inventory/widget/Craft/Ui_CraftToolTip.uasset" 276
"../../../../../Unreal/GameJam/Content/2DSideScrollerCPP/Inventory/widget/Craft/UI_Craftable.uasset" 277
"../../../../../Unreal/GameJam/Content/2DSideScrollerCPP/Inventory/widget/Craft/UI_Shop.uasset" 278
"../../../../../Unreal/GameJam/Content/2DSideScrollerCPP/Blueprints/character/AnimState.uasset" 279
"../../../../../Unreal/GameJam/Content/2DSideScrollerCPP/Blueprints/character/Direction.uasset" 280
"../../../../../Unreal/GameJam/Content/2DSideScrollerCPP/Blueprints/character/PlayerStat.uasset" 281
"../../../../../Unreal/GameJam/Content/2DSideScrollerCPP/Blueprints/Tresor/ShowcaseItem.uasset" 282
"../../../../../Unreal/GameJam/Content/2DSideScrollerCPP/Capacity/S_Ability.uasset" 283
"../../../../../Unreal/GameJam/Content/2DSideScrollerCPP/Character/ELEVEN/Right/Warrior_SheetnoEffect_Sprite_14.uasset" 284
"../../../../../Unreal/GameJam/Content/2DSideScrollerCPP/Character/ELEVEN/Right/Warrior_SheetnoEffect_Sprite_15.uasset" 285
"../../../../../Unreal/GameJam/Content/2DSideScrollerCPP/Character/ELEVEN/Right/Warrior_SheetnoEffect_Sprite_16.uasset" 286
"../../../../../Unreal/GameJam/Content/2DSideScrollerCPP/Character/ELEVEN/Right/Warrior_SheetnoEffect_Sprite_17.uasset" 287
"../../../../../Unreal/GameJam/Content/2DSideScrollerCPP/Character/ELEVEN/Right/Warrior_SheetnoEffect_Sprite_18.uasset" 288
"../../../../../Unreal/GameJam/Content/2DSideScrollerCPP/Character/ELEVEN/Right/Warrior_SheetnoEffect_Sprite_19.uasset" 289
"../../../../../Unreal/GameJam/Content/2DSideScrollerCPP/Character/ELEVEN/Right/Warrior_SheetnoEffect_Sprite_21.uasset" 290
"../../../../../Unreal/GameJam/Content/2DSideScrollerCPP/Character/ELEVEN/Right/Warrior_SheetnoEffect_Sprite_27.uasset" 291
"../../../../../Unreal/GameJam/Content/2DSideScrollerCPP/Character/ELEVEN/Right/Warrior_SheetnoEffect_Sprite_33.uasset" 292
"../../../../../Unreal/GameJam/Content/2DSideScrollerCPP/Character/ELEVEN/Right/Warrior_SheetnoEffect_Sprite_34.uasset" 293
"../../../../../Unreal/GameJam/Content/2DSideScrollerCPP/Character/ELEVEN/Flipbook/ElevenAttackRight.uasset" 294
"../../../../../Unreal/GameJam/Content/2DSideScrollerCPP/Character/ELEVEN/Right/Warrior_SheetnoEffect_Sprite_124.uasset" 295
"../../../../../Unreal/GameJam/Content/2DSideScrollerCPP/Character/ELEVEN/Right/Warrior_SheetnoEffect_Sprite_126.uasset" 296
"../../../../../Unreal/GameJam/Content/2DSideScrollerCPP/Character/ELEVEN/Right/Warrior_SheetnoEffect_Sprite_127.uasset" 297
"../../../../../Unreal/GameJam/Content/2DSideScrollerCPP/Character/ELEVEN/Right/Warrior_SheetnoEffect_Sprite_128.uasset" 298
"../../../../../Unreal/GameJam/Content/2DSideScrollerCPP/Character/ELEVEN/Right/Warrior_SheetnoEffect_Sprite_129.uasset" 299
"../../../../../Unreal/GameJam/Content/2DSideScrollerCPP/Character/ELEVEN/Right/Warrior_SheetnoEffect_Sprite_130.uasset" 300
"../../../../../Unreal/GameJam/Content/2DSideScrollerCPP/Character/ELEVEN/Flipbook/ElevenDash.uasset" 301
"../../../../../Unreal/GameJam/Content/2DSideScrollerCPP/Character/ELEVEN/Left/Warrior_LookLeft.uasset" 302
"../../../../../Unreal/GameJam/Content/2DSideScrollerCPP/Character/ELEVEN/Left/Warrior_LookLeft_Sprite_140.uasset" 303
"../../../../../Unreal/GameJam/Content/2DSideScrollerCPP/Character/ELEVEN/Right/Warrior_SheetnoEffect_Sprite_131.uasset" 304
"../../../../../Unreal/GameJam/Content/2DSideScrollerCPP/Character/ELEVEN/Right/Warrior_SheetnoEffect_Sprite_133.uasset" 305
"../../../../../Unreal/GameJam/Content/2DSideScrollerCPP/Character/ELEVEN/Right/Warrior_SheetnoEffect_Sprite_135.uasset" 306
"../../../../../Unreal/GameJam/Content/2DSideScrollerCPP/Character/ELEVEN/Right/Warrior_SheetnoEffect_Sprite_138.uasset" 307
"../../../../../Unreal/GameJam/Content/2DSideScrollerCPP/Character/ELEVEN/Right/Warrior_SheetnoEffect_Sprite_139.uasset" 308
"../../../../../Unreal/GameJam/Content/2DSideScrollerCPP/Character/ELEVEN/Right/Warrior_SheetnoEffect_Sprite_140.uasset" 309
"../../../../../Unreal/GameJam/Content/2DSideScrollerCPP/Character/ELEVEN/Right/Warrior_SheetnoEffect_Sprite_141.uasset" 310
"../../../../../Unreal/GameJam/Content/2DSideScrollerCPP/Character/ELEVEN/Flipbook/ElevenDashAttack.uasset" 311
"../../../../../Unreal/GameJam/Content/2DSideScrollerCPP/Character/ELEVEN/Right/Warrior_SheetnoEffect_Sprite_51.uasset" 312
"../../../../../Unreal/GameJam/Content/2DSideScrollerCPP/Character/ELEVEN/Right/Warrior_SheetnoEffect_Sprite_53.uasset" 313
"../../../../../Unreal/GameJam/Content/2DSideScrollerCPP/Character/ELEVEN/Right/Warrior_SheetnoEffect_Sprite_54.uasset" 314
"../../../../../Unreal/GameJam/Content/2DSideScrollerCPP/Character/ELEVEN/Right/Warrior_SheetnoEffect_Sprite_59.uasset" 315
"../../../../../Unreal/GameJam/Content/2DSideScrollerCPP/Character/ELEVEN/Right/Warrior_SheetnoEffect_Sprite_63.uasset" 316
"../../../../../Unreal/GameJam/Content/2DSideScrollerCPP/Character/ELEVEN/Right/Warrior_SheetnoEffect_Sprite_69.uasset" 317
"../../../../../Unreal/GameJam/Content/2DSideScrollerCPP/Character/ELEVEN/Right/Warrior_SheetnoEffect_Sprite_74.uasset" 318
"../../../../../Unreal/GameJam/Content/2DSideScrollerCPP/Character/ELEVEN/Right/Warrior_SheetnoEffect_Sprite_83.uasset" 319
"../../../../../Unreal/GameJam/Content/2DSideScrollerCPP/Character/ELEVEN/Right/Warrior_SheetnoEffect_Sprite_87.uasset" 320
"../../../../../Unreal/GameJam/Content/2DSideScrollerCPP/Character/ELEVEN/Right/Warrior_SheetnoEffect_Sprite_90.uasset" 321
"../../../../../Unreal/GameJam/Content/2DSideScrollerCPP/Character/ELEVEN/Right/Warrior_SheetnoEffect_Sprite_91.uasset" 322
"../../../../../Unreal/GameJam/Content/2DSideScrollerCPP/Character/ELEVEN/Flipbook/ElevenDeath.uasset" 323
"../../../../../Unreal/GameJam/Content/2DSideScrollerCPP/Character/ELEVEN/Right/Warrior_SheetnoEffect_Sprite_0.uasset" 324
"../../../../../Unreal/GameJam/Content/2DSideScrollerCPP/Character/ELEVEN/Right/Warrior_SheetnoEffect_Sprite_1.uasset" 325
"../../../../../Unreal/GameJam/Content/2DSideScrollerCPP/Character/ELEVEN/Right/Warrior_SheetnoEffect_Sprite_2.uasset" 326
"../../../../../Unreal/GameJam/Content/2DSideScrollerCPP/Character/ELEVEN/Right/Warrior_SheetnoEffect_Sprite_3.uasset" 327
"../../../../../Unreal/GameJam/Content/2DSideScrollerCPP/Character/ELEVEN/Right/Warrior_SheetnoEffect_Sprite_4.uasset" 328
"../../../../../Unreal/GameJam/Content/2DSideScrollerCPP/Character/ELEVEN/Right/Warrior_SheetnoEffect_Sprite_5.uasset" 329
"../../../../../Unreal/GameJam/Content/2DSideScrollerCPP/Character/ELEVEN/Flipbook/ElevenIdle.uasset" 330
"../../../../../Unreal/GameJam/Content/2DSideScrollerCPP/Character/ELEVEN/Right/Warrior_SheetnoEffect_Sprite_10.uasset" 331
"../../../../../Unreal/GameJam/Content/2DSideScrollerCPP/Character/ELEVEN/Right/Warrior_SheetnoEffect_Sprite_11.uasset" 332
"../../../../../Unreal/GameJam/Content/2DSideScrollerCPP/Character/ELEVEN/Right/Warrior_SheetnoEffect_Sprite_12.uasset" 333
"../../../../../Unreal/GameJam/Content/2DSideScrollerCPP/Character/ELEVEN/Right/Warrior_SheetnoEffect_Sprite_13.uasset" 334
"../../../../../Unreal/GameJam/Content/2DSideScrollerCPP/Character/ELEVEN/Right/Warrior_SheetnoEffect_Sprite_6.uasset" 335
"../../../../../Unreal/GameJam/Content/2DSideScrollerCPP/Character/ELEVEN/Right/Warrior_SheetnoEffect_Sprite_7.uasset" 336
"../../../../../Unreal/GameJam/Content/2DSideScrollerCPP/Character/ELEVEN/Right/Warrior_SheetnoEffect_Sprite_8.uasset" 337
"../../../../../Unreal/GameJam/Content/2DSideScrollerCPP/Character/ELEVEN/Right/Warrior_SheetnoEffect_Sprite_9.uasset" 338
"../../../../../Unreal/GameJam/Content/2DSideScrollerCPP/Character/ELEVEN/Flipbook/ElevenRun.uasset" 339
"../../../../../Unreal/GameJam/Content/2DSideScrollerCPP/Character/ELEVEN/Warrior_SheetnoEffect_Sprite_148.uasset" 340
"../../../../../Unreal/GameJam/Content/2DSideScrollerCPP/Character/ELEVEN/Warrior_SheetnoEffect_Sprite_149.uasset" 341
"../../../../../Unreal/GameJam/Content/2DSideScrollerCPP/Character/ELEVEN/Warrior_SheetnoEffect_Sprite_150.uasset" 342
"../../../../../Unreal/GameJam/Content/2DSideScrollerCPP/Character/ELEVEN/Warrior_SheetnoEffect_Sprite_151.uasset" 343
"../../../../../Unreal/GameJam/Content/2DSideScrollerCPP/Character/ELEVEN/Warrior_SheetnoEffect_Sprite_152.uasset" 344
"../../../../../Unreal/GameJam/Content/2DSideScrollerCPP/Character/ELEVEN/Warrior_SheetnoEffect_Sprite_153.uasset" 345
"../../../../../Unreal/GameJam/Content/2DSideScrollerCPP/Character/ELEVEN/Warrior_SheetnoEffect_Sprite_154.uasset" 346
"../../../../../Unreal/GameJam/Content/2DSideScrollerCPP/Character/ELEVEN/Warrior_SheetnoEffect_Sprite_155.uasset" 347
"../../../../../Unreal/GameJam/Content/2DSideScrollerCPP/Character/ELEVEN/Flipbook/ElevenUp.uasset" 348
"../../../../../Unreal/GameJam/Content/2DSideScrollerCPP/Character/ELEVEN/Left/Warrior_LookLeft_Sprite_12.uasset" 349
"../../../../../Unreal/GameJam/Content/2DSideScrollerCPP/Character/ELEVEN/Left/Warrior_LookLeft_Sprite_13.uasset" 350
"../../../../../Unreal/GameJam/Content/2DSideScrollerCPP/Character/ELEVEN/Left/Warrior_LookLeft_Sprite_14.uasset" 351
"../../../../../Unreal/GameJam/Content/2DSideScrollerCPP/Character/ELEVEN/Left/Warrior_LookLeft_Sprite_15.uasset" 352
"../../../../../Unreal/GameJam/Content/2DSideScrollerCPP/Character/ELEVEN/Left/Warrior_LookLeft_Sprite_18.uasset" 353
"../../../../../Unreal/GameJam/Content/2DSideScrollerCPP/Character/ELEVEN/Left/Warrior_LookLeft_Sprite_19.uasset" 354
"../../../../../Unreal/GameJam/Content/2DSideScrollerCPP/Character/ELEVEN/Left/Warrior_LookLeft_Sprite_20.uasset" 355
"../../../../../Unreal/GameJam/Content/2DSideScrollerCPP/Character/ELEVEN/Left/Warrior_LookLeft_Sprite_26.uasset" 356
"../../../../../Unreal/GameJam/Content/2DSideScrollerCPP/Character/ELEVEN/Left/Warrior_LookLeft_Sprite_33.uasset" 357
"../../../../../Unreal/GameJam/Content/2DSideScrollerCPP/Character/ELEVEN/Left/Warrior_LookLeft_Sprite_34.uasset" 358
"../../../../../Unreal/GameJam/Content/2DSideScrollerCPP/Character/ELEVEN/Left/Warrior_LookLeft_Sprite_49.uasset" 359
"../../../../../Unreal/GameJam/Content/2DSideScrollerCPP/Character/ELEVEN/Left/Flipbook/ElevenAttackLeft.uasset" 360
"../../../../../Unreal/GameJam/Content/2DSideScrollerCPP/Character/ELEVEN/Left/Warrior_LookLeft_Sprite_127.uasset" 361
"../../../../../Unreal/GameJam/Content/2DSideScrollerCPP/Character/ELEVEN/Left/Warrior_LookLeft_Sprite_133.uasset" 362
"../../../../../Unreal/GameJam/Content/2DSideScrollerCPP/Character/ELEVEN/Left/Warrior_LookLeft_Sprite_134.uasset" 363
"../../../../../Unreal/GameJam/Content/2DSideScrollerCPP/Character/ELEVEN/Left/Warrior_LookLeft_Sprite_135.uasset" 364
"../../../../../Unreal/GameJam/Content/2DSideScrollerCPP/Character/ELEVEN/Left/Warrior_LookLeft_Sprite_136.uasset" 365
"../../../../../Unreal/GameJam/Content/2DSideScrollerCPP/Character/ELEVEN/Left/Warrior_LookLeft_Sprite_139.uasset" 366
"../../../../../Unreal/GameJam/Content/2DSideScrollerCPP/Character/ELEVEN/Left/Warrior_LookLeft_Sprite_145.uasset" 367
"../../../../../Unreal/GameJam/Content/2DSideScrollerCPP/Character/ELEVEN/Left/Flipbook/ElevenDashAttackLeft.uasset" 368
"../../../../../Unreal/GameJam/Content/2DSideScrollerCPP/Character/ELEVEN/Left/Warrior_LookLeft_Sprite_121.uasset" 369
"../../../../../Unreal/GameJam/Content/2DSideScrollerCPP/Character/ELEVEN/Left/Warrior_LookLeft_Sprite_122.uasset" 370
"../../../../../Unreal/GameJam/Content/2DSideScrollerCPP/Character/ELEVEN/Left/Warrior_LookLeft_Sprite_123.uasset" 371
"../../../../../Unreal/GameJam/Content/2DSideScrollerCPP/Character/ELEVEN/Left/Warrior_LookLeft_Sprite_129.uasset" 372
"../../../../../Unreal/GameJam/Content/2DSideScrollerCPP/Character/ELEVEN/Left/Warrior_LookLeft_Sprite_130.uasset" 373
"../../../../../Unreal/GameJam/Content/2DSideScrollerCPP/Character/ELEVEN/Left/Warrior_LookLeft_Sprite_131.uasset" 374
"../../../../../Unreal/GameJam/Content/2DSideScrollerCPP/Character/ELEVEN/Left/Warrior_LookLeft_Sprite_132.uasset" 375
"../../../../../Unreal/GameJam/Content/2DSideScrollerCPP/Character/ELEVEN/Left/Flipbook/ElevenDashLeft.uasset" 376
"../../../../../Unreal/GameJam/Content/2DSideScrollerCPP/Character/ELEVEN/Left/Warrior_LookLeft_Sprite_0.uasset" 377
"../../../../../Unreal/GameJam/Content/2DSideScrollerCPP/Character/ELEVEN/Left/Warrior_LookLeft_Sprite_1.uasset" 378
"../../../../../Unreal/GameJam/Content/2DSideScrollerCPP/Character/ELEVEN/Left/Warrior_LookLeft_Sprite_2.uasset" 379
"../../../../../Unreal/GameJam/Content/2DSideScrollerCPP/Character/ELEVEN/Left/Warrior_LookLeft_Sprite_3.uasset" 380
"../../../../../Unreal/GameJam/Content/2DSideScrollerCPP/Character/ELEVEN/Left/Warrior_LookLeft_Sprite_4.uasset" 381
"../../../../../Unreal/GameJam/Content/2DSideScrollerCPP/Character/ELEVEN/Left/Warrior_LookLeft_Sprite_5.uasset" 382
"../../../../../Unreal/GameJam/Content/2DSideScrollerCPP/Character/ELEVEN/Left/Flipbook/ElevenIdleLeft.uasset" 383
"../../../../../Unreal/GameJam/Content/2DSideScrollerCPP/Character/ELEVEN/Left/Warrior_LookLeft_Sprite_10.uasset" 384
"../../../../../Unreal/GameJam/Content/2DSideScrollerCPP/Character/ELEVEN/Left/Warrior_LookLeft_Sprite_11.uasset" 385
"../../../../../Unreal/GameJam/Content/2DSideScrollerCPP/Character/ELEVEN/Left/Warrior_LookLeft_Sprite_16.uasset" 386
"../../../../../Unreal/GameJam/Content/2DSideScrollerCPP/Character/ELEVEN/Left/Warrior_LookLeft_Sprite_17.uasset" 387
"../../../../../Unreal/GameJam/Content/2DSideScrollerCPP/Character/ELEVEN/Left/Warrior_LookLeft_Sprite_6.uasset" 388
"../../../../../Unreal/GameJam/Content/2DSideScrollerCPP/Character/ELEVEN/Left/Warrior_LookLeft_Sprite_7.uasset" 389
"../../../../../Unreal/GameJam/Content/2DSideScrollerCPP/Character/ELEVEN/Left/Warrior_LookLeft_Sprite_8.uasset" 390
"../../../../../Unreal/GameJam/Content/2DSideScrollerCPP/Character/ELEVEN/Left/Warrior_LookLeft_Sprite_9.uasset" 391
"../../../../../Unreal/GameJam/Content/2DSideScrollerCPP/Character/ELEVEN/Left/Flipbook/ElevenRunLeft.uasset" 392
"../../../../../Unreal/GameJam/Content/2DSideScrollerCPP/Character/mage/DashDown_Sprite.uasset" 393
"../../../../../Unreal/GameJam/Content/2DSideScrollerCPP/Character/mage/flipbook/DashDown.uasset" 394
"../../../../../Unreal/GameJam/Content/2DSideScrollerCPP/Character/mage/DashUp_Sprite.uasset" 395
"../../../../../Unreal/GameJam/Content/2DSideScrollerCPP/Character/mage/flipbook/DashUp.uasset" 396
"../../../../../Unreal/GameJam/Content/2DSideScrollerCPP/Inventory/Jewelry/S_Gems.uasset" 397
"../../../../../Unreal/GameJam/Content/2DSideScrollerCPP/Inventory/S_Slot.uasset" 398
"../../../../../Unreal/GameJam/Content/2DSideScrollerCPP/Inventory/widget/UI_GemsHover.uasset" 399
"../../../../../Unreal/GameJam/Content/2DSideScrollerCPP/Inventory/widget/UI_GemsView.uasset" 400
"../../../../../Unreal/GameJam/Content/2DSideScrollerCPP/Inventory/widget/UI_GemsDatawidget.uasset" 401
"../../../../../Unreal/GameJam/Content/2DSideScrollerCPP/Inventory/DragAndDropOpe.uasset" 402
"../../../../../Unreal/GameJam/Content/2DSideScrollerCPP/Inventory/PickuPMaster.uasset" 403
"../../../../../Unreal/GameJam/Content/2DSideScrollerCPP/Inventory/PickUpTool.uasset" 404
"../../../../../Unreal/GameJam/Content/2DSideScrollerCPP/Inventory/widget/DropBox.uasset" 405
"../../../../../Unreal/GameJam/Content/2DSideScrollerCPP/Inventory/widget/UI_HoverCombat.uasset" 406
"../../../../../Unreal/GameJam/Content/2DSideScrollerCPP/Inventory/widget/UI_Combat.uasset" 407
"../../../../../Unreal/GameJam/Content/2DSideScrollerCPP/Inventory/widget/UI_InvPanel.uasset" 408
"../../../../../Unreal/GameJam/Content/2DSideScrollerCPP/Inventory/widget/UI_Hover.uasset" 409
"../../../../../Unreal/GameJam/Content/2DSideScrollerCPP/Inventory/widget/UI_PlayerSlot.uasset" 410
"../../../../../Unreal/GameJam/Content/2DSideScrollerCPP/Inventory/widget/UI_Inventory.uasset" 411
"../../../../../Unreal/GameJam/Content/2DSideScrollerCPP/widget/BlackScreen.uasset" 412
"../../../Engine/Content/VREditor/Sounds/UI/Camera_Shutter.uasset" 413
"../../../Engine/Content/VREditor/Sounds/UI/Click_on_Button.uasset" 414
"../../../../../Unreal/GameJam/Content/2DSideScrollerCPP/Blueprints/Button/BP_MyButton.uasset" 415
"../../../../../Unreal/GameJam/Content/2DSideScrollerCPP/Blueprints/Button/BP_Text.uasset" 416
"../../../../../Unreal/GameJam/Content/2DSideScrollerCPP/widget/PauseMenu/PauseMenuWidget.uasset" 417
"../../../../../Unreal/GameJam/Content/2DSideScrollerCPP/Textures/font/FreePixel.uasset" 418
"../../../../../Unreal/GameJam/Content/2DSideScrollerCPP/Textures/font/FreePixel_Font.uasset" 419
"../../../../../Unreal/GameJam/Content/2DSideScrollerCPP/Textures/font/pixelart.uasset" 420
"../../../../../Unreal/GameJam/Content/2DSideScrollerCPP/Textures/font/pixelart_Font.uasset" 421
"../../../../../Unreal/GameJam/Content/2DSideScrollerCPP/Blueprints/SpawnPoint/WaveNumber.uasset" 422
"../../../../../Unreal/GameJam/Content/2DSideScrollerCPP/Capacity/UI_Capacity.uasset" 423
"../../../../../Unreal/GameJam/Content/2DSideScrollerCPP/Missions/MissionStates.uasset" 424
"../../../../../Unreal/GameJam/Content/2DSideScrollerCPP/Missions/mission.uasset" 425
"../../../../../Unreal/GameJam/Content/2DSideScrollerCPP/Textures/meny.uasset" 426
"../../../../../Unreal/GameJam/Content/2DSideScrollerCPP/widget/HealthSystem/coeur_Sprite.uasset" 427
"../../../../../Unreal/GameJam/Content/2DSideScrollerCPP/widget/HealthSystem/Health.uasset" 428
"../../../../../Unreal/GameJam/Content/2DSideScrollerCPP/widget/UI_MISSION.uasset" 429
"../../../../../Unreal/GameJam/Content/2DSideScrollerCPP/widget/PlayerInterafce.uasset" 430
"../../../../../Unreal/GameJam/Content/2DSideScrollerCPP/Blueprints/character/BP_Copy2.uasset" 431
"../../../../../Unreal/GameJam/Content/2DSideScrollerCPP/Library/MainCharacter.uasset" 432
"../../../../../Unreal/GameJam/Content/2DSideScrollerCPP/Blueprints/BP_Cocci.uasset" 433
"../../../../../Unreal/GameJam/Content/2DSideScrollerCPP/Textures/Platformer/door_sp.uasset" 434
"../../../../../Unreal/GameJam/Content/2DSideScrollerCPP/Blueprints/BP_Door.uasset" 435
"../../../../../Unreal/GameJam/Content/2DSideScrollerCPP/Blueprints/SpawnPoint/spawnPoint.uasset" 436
"../../../../../Unreal/GameJam/Content/2DSideScrollerCPP/Blueprints/Tresor/chest_Sprite.uasset" 437
"../../../../../Unreal/GameJam/Content/2DSideScrollerCPP/Blueprints/Tresor/Tresor.uasset" 438
"../../../../../Unreal/GameJam/Content/2DSideScrollerCPP/Blueprints/Tresor/Gem_Tresor.uasset" 439
"../../../../../Unreal/GameJam/Content/2DSideScrollerCPP/Blueprints/NewGameMode.uasset" 440
"../../../../../Unreal/GameJam/Content/2DSideScrollerCPP/widget/Pause.uasset" 441
"../../../../../Unreal/GameJam/Content/2DSideScrollerCPP/HUD/NewHUD.uasset" 442
"../../../../../Unreal/GameJam/Content/2DSideScrollerCPP/Levels/Main_menu_level.umap" 443
"../../../../../Unreal/GameJam/Content/2DSideScrollerCPP/Blueprints/DialogueSystem/DialogObject.uasset" 444
"../../../../../Unreal/GameJam/Content/2DSideScrollerCPP/Blueprints/DialogueSystem/EDialogState.uasset" 445
"../../../../../Unreal/GameJam/Content/2DSideScrollerCPP/widget/Dialogue/DialogueEntryWidget.uasset" 446
"../../../../../Unreal/GameJam/Content/2DSideScrollerCPP/widget/Dialogue/DialogueWidget.uasset" 447
"../../../../../Unreal/GameJam/Content/2DSideScrollerCPP/Blueprints/DialogueSystem/DialogBlackboard.uasset" 448
"../../../../../Unreal/GameJam/Content/2DSideScrollerCPP/Blueprints/DialogueSystem/Task/Exit.uasset" 449
"../../../../../Unreal/GameJam/Content/2DSideScrollerCPP/Blueprints/DialogueSystem/Task/Reply.uasset" 450
"../../../../../Unreal/GameJam/Content/2DSideScrollerCPP/Blueprints/DialogueSystem/Task/Speak.uasset" 451
"../../../../../Unreal/GameJam/Content/2DSideScrollerCPP/Blueprints/DialogueSystem/DialogTree.uasset" 452
"../../../../../Unreal/GameJam/Content/2DSideScrollerCPP/Blueprints/DialogueSystem/AI_Dialogue.uasset" 453
"../../../../../Unreal/GameJam/Content/2DSideScrollerCPP/Blueprints/DialogueSystem/DialogComponent.uasset" 454
"../../../../../Unreal/GameJam/Content/2DSideScrollerCPP/Textures/shop/keys_Sprite.uasset" 455
"../../../../../Unreal/GameJam/Content/2DSideScrollerCPP/Blueprints/Bullet.uasset" 456
"../../../../../Unreal/GameJam/Content/2DSideScrollerCPP/Blueprints/LowBullet.uasset" 457
"../../../../../Unreal/GameJam/Content/2DSideScrollerCPP/Character/Adventure/Adventurer_Sprite_Sheet_v1_1_Sprite_3.uasset" 458
"../../../../../Unreal/GameJam/Content/2DSideScrollerCPP/Blueprints/parasite/Parasite.uasset" 459
"../../../../../Unreal/GameJam/Content/2DSideScrollerCPP/Blueprints/Tresor/Tresor_Child.uasset" 460
"../../../../../Unreal/GameJam/Content/2DSideScrollerCPP/Cinematics/SecondCinematic.uasset" 461
"../../../../../Unreal/GameJam/Content/2DSideScrollerCPP/Levels/ThridLevel_BuiltData.uasset" 462
"../../../../../Unreal/GameJam/Content/2DSideScrollerCPP/Sound/Slash/snk.uasset" 463
"../../../../../Unreal/GameJam/Content/2DSideScrollerCPP/Textures/Platformer/32x32_Flank.uasset" 464
"../../../../../Unreal/GameJam/Content/2DSideScrollerCPP/Textures/Platformer/32x32_Flank_TileSet.uasset" 465
"../../../../../Unreal/GameJam/Content/2DSideScrollerCPP/Textures/Platformer/32x32_outside.uasset" 466
"../../../../../Unreal/GameJam/Content/2DSideScrollerCPP/Textures/Platformer/32x32_outside_TileSet.uasset" 467
"../../../../../Unreal/GameJam/Content/2DSideScrollerCPP/Textures/Platformer/32x32_WALLS.uasset" 468
"../../../../../Unreal/GameJam/Content/2DSideScrollerCPP/Textures/Platformer/32x32_WALLS_TileSet.uasset" 469
"../../../../../Unreal/GameJam/Content/2DSideScrollerCPP/Textures/Platformer/DUNGEON/f2.uasset" 470
"../../../../../Unreal/GameJam/Content/2DSideScrollerCPP/Textures/Platformer/DUNGEON/f2_TileSet.uasset" 471
"../../../../../Unreal/GameJam/Content/2DSideScrollerCPP/Textures/Platformer/DUNGEON/ice.uasset" 472
"../../../../../Unreal/GameJam/Content/2DSideScrollerCPP/Textures/Platformer/DUNGEON/ice_TileSet.uasset" 473
"../../../../../Unreal/GameJam/Content/2DSideScrollerCPP/Textures/Platformer/DUNGEON/lava.uasset" 474
"../../../../../Unreal/GameJam/Content/2DSideScrollerCPP/Textures/Platformer/DUNGEON/lava_TileSet.uasset" 475
"../../../../../Unreal/GameJam/Content/2DSideScrollerCPP/Textures/Platformer/DUNGEON/square.uasset" 476
"../../../../../Unreal/GameJam/Content/2DSideScrollerCPP/Textures/Platformer/DUNGEON/square_TileSet.uasset" 477
"../../../../../Unreal/GameJam/Content/2DSideScrollerCPP/Textures/Platformer/Stage1.uasset" 478
"../../../../../Unreal/GameJam/Content/2DSideScrollerCPP/Levels/ThridLevel.umap" 479
